<?xml version="1.0" encoding="UTF-8" ?>
<testsuite tests="5" failures="0" name="runner.TestRunner" time="0.005" errors="0" skipped="4">
  <properties>
[...]
</properties>
  <testcase classname="Scenario: Client sign up successfully" name="Given Pepito wants to have an account" time="0.001">
    <skipped/>
  </testcase>
  <testcase classname="Scenario: Client sign up successfully" name="When he sends required information to get the account" time="0.001">
    <skipped/>
  </testcase>
  <testcase classname="Scenario: Client sign up successfully" name="Then he should be told that the account was created" time="0.001">
    <skipped/>
  </testcase>
  <testcase classname="Scenario: Client sign up successfully" name="Scenario: Client sign up successfully" time="0.001">
    <skipped/>
  </testcase>
  <testcase classname="Scenario: Client sign up successfully" name="Scenario: Client sign up successfully" time="0.001"/>
</testsuite>